d:\git_project\learningdirectx12\learningdx12\learningdx12\debug\vc143.pdb
d:\git_project\learningdirectx12\learningdx12\learningdx12\debug\vc143.idb
d:\git_project\learningdirectx12\learningdx12\learningdx12\debug\math_utils.obj
d:\git_project\learningdirectx12\learningdx12\learningdx12\debug\simple_image.obj
d:\git_project\learningdirectx12\learningdx12\learningdx12\debug\simple_image_bmp.obj
d:\git_project\learningdirectx12\learningdx12\learningdx12\debug\simple_cpp_string_algorithm.obj
d:\git_project\learningdirectx12\learningdx12\learningdx12\debug\simple_cpp_helper_file.obj
d:\git_project\learningdirectx12\learningdx12\learningdx12\debug\simple_object.obj
d:\git_project\learningdirectx12\learningdx12\learningdx12\debug\simple_net_type.obj
d:\git_project\learningdirectx12\learningdx12\learningdx12\debug\simple_net_drive_udp.obj
d:\git_project\learningdirectx12\learningdx12\learningdx12\debug\simple_net_drive_tcp.obj
d:\git_project\learningdirectx12\learningdx12\learningdx12\debug\simple_net_drive.obj
d:\git_project\learningdirectx12\learningdx12\learningdx12\debug\simple_connetion_udp.obj
d:\git_project\learningdirectx12\learningdx12\learningdx12\debug\simple_connetion_tcp.obj
d:\git_project\learningdirectx12\learningdx12\learningdx12\debug\simple_connetion.obj
d:\git_project\learningdirectx12\learningdx12\learningdx12\debug\simple_channel.obj
d:\git_project\learningdirectx12\learningdx12\learningdx12\debug\simple_io_stream.obj
d:\git_project\learningdirectx12\learningdx12\learningdx12\debug\windowsengine.obj
d:\git_project\learningdirectx12\learningdx12\learningdx12\debug\launch.obj
d:\git_project\learningdirectx12\learningdx12\learningdx12\debug\enginefactory.obj
d:\git_project\learningdirectx12\learningdx12\learningdx12\debug\winmaincommandparameters.obj
d:\git_project\learningdirectx12\learningdx12\learningdx12\debug\engine.obj
d:\git_project\learningdirectx12\learningdx12\learningdx12\debug\tinyxmlparser.obj
d:\git_project\learningdirectx12\learningdx12\learningdx12\debug\tinyxmlerror.obj
d:\git_project\learningdirectx12\learningdx12\learningdx12\debug\tinyxml.obj
d:\git_project\learningdirectx12\learningdx12\learningdx12\debug\tinystr.obj
d:\git_project\learningdirectx12\learningdx12\learningdx12\debug\vector_color.obj
d:\git_project\learningdirectx12\learningdx12\learningdx12\debug\vector_4id.obj
d:\git_project\learningdirectx12\learningdx12\learningdx12\debug\vector_4d.obj
d:\git_project\learningdirectx12\learningdx12\learningdx12\debug\vector_3id.obj
d:\git_project\learningdirectx12\learningdx12\learningdx12\debug\vector_3d.obj
d:\git_project\learningdirectx12\learningdx12\learningdx12\debug\vector_2id.obj
d:\git_project\learningdirectx12\learningdx12\learningdx12\debug\vector_2d.obj
d:\git_project\learningdirectx12\learningdx12\learningdx12\debug\rotator.obj
d:\git_project\learningdirectx12\learningdx12\learningdx12\debug\quat.obj
d:\git_project\learningdirectx12\learningdx12\learningdx12\debug\triangle.obj
d:\git_project\learningdirectx12\learningdx12\learningdx12\debug\line.obj
d:\git_project\learningdirectx12\learningdx12\learningdx12\debug\matrix_4x4.obj
d:\git_project\learningdirectx12\learningdx12\learningdx12\debug\matrix_3x3.obj
d:\git_project\learningdirectx12\learningdx12\learningdx12\debug\matrix_2x2.obj
d:\git_project\learningdirectx12\learningdx12\learningdx12\debug\soft_rasterization.obj
d:\git_project\learningdirectx12\learningdx12\learningdx12\debug\simple_math.obj
d:\git_project\learningdirectx12\learningdx12\learningdx12\debug\simple_c_log.obj
d:\git_project\learningdirectx12\learningdx12\learningdx12\debug\simple_c_windows_setting.obj
d:\git_project\learningdirectx12\learningdx12\learningdx12\debug\simple_c_windows_register.obj
d:\git_project\learningdirectx12\learningdx12\learningdx12\debug\simple_c_time.obj
d:\git_project\learningdirectx12\learningdx12\learningdx12\debug\simple_c_locale_list.obj
d:\git_project\learningdirectx12\learningdx12\learningdx12\debug\simple_c_path.obj
d:\git_project\learningdirectx12\learningdx12\learningdx12\debug\simple_file_helper.obj
d:\git_project\learningdirectx12\learningdx12\learningdx12\debug\simple_guid.obj
d:\git_project\learningdirectx12\learningdx12\learningdx12\debug\string_algorithm.obj
d:\git_project\learningdirectx12\learningdx12\learningdx12\debug\simple_c_array_string.obj
d:\git_project\learningdirectx12\learningdx12\learningdx12\debug\windowsmessageprocessing.obj
d:\git_project\learningdirectx12\learningdx12\learningdx12\debug\enginedebug.obj
d:\git_project\learningdirectx12\learningdx12\learningdx12\debug\enginerenderconfig.obj
d:\git_project\learningdirectx12\learndirectx12\learningdx12\debug\vc143.pdb
d:\git_project\learningdirectx12\learndirectx12\learningdx12\debug\vc143.idb
d:\git_project\learningdirectx12\learndirectx12\learningdx12\debug\simple_cpp_string_algorithm.obj
d:\git_project\learningdirectx12\learndirectx12\learningdx12\debug\simple_cpp_helper_file.obj
d:\git_project\learningdirectx12\learndirectx12\learningdx12\debug\simple_object.obj
d:\git_project\learningdirectx12\learndirectx12\learningdx12\debug\simple_net_type.obj
d:\git_project\learningdirectx12\learndirectx12\learningdx12\debug\simple_net_drive_udp.obj
d:\git_project\learningdirectx12\learndirectx12\learningdx12\debug\simple_net_drive_tcp.obj
d:\git_project\learningdirectx12\learndirectx12\learningdx12\debug\simple_net_drive.obj
d:\git_project\learningdirectx12\learndirectx12\learningdx12\debug\simple_connetion_udp.obj
d:\git_project\learningdirectx12\learndirectx12\learningdx12\debug\simple_connetion_tcp.obj
d:\git_project\learningdirectx12\learndirectx12\learningdx12\debug\simple_connetion.obj
d:\git_project\learningdirectx12\learndirectx12\learningdx12\debug\simple_channel.obj
d:\git_project\learningdirectx12\learndirectx12\learningdx12\debug\simple_io_stream.obj
d:\git_project\learningdirectx12\learndirectx12\learningdx12\debug\windowsmessageprocessing.obj
d:\git_project\learningdirectx12\learndirectx12\learningdx12\debug\windowsengine.obj
d:\git_project\learningdirectx12\learndirectx12\learningdx12\debug\launch.obj
d:\git_project\learningdirectx12\learndirectx12\learningdx12\debug\enginefactory.obj
d:\git_project\learningdirectx12\learndirectx12\learningdx12\debug\enginedebug.obj
d:\git_project\learningdirectx12\learndirectx12\learningdx12\debug\winmaincommandparameters.obj
d:\git_project\learningdirectx12\learndirectx12\learningdx12\debug\engine.obj
d:\git_project\learningdirectx12\learndirectx12\learningdx12\debug\enginerenderconfig.obj
d:\git_project\learningdirectx12\learndirectx12\learningdx12\debug\tinyxml.obj
d:\git_project\learningdirectx12\learndirectx12\learningdx12\debug\tinystr.obj
d:\git_project\learningdirectx12\learndirectx12\learningdx12\debug\vector_color.obj
d:\git_project\learningdirectx12\learndirectx12\learningdx12\debug\vector_4id.obj
d:\git_project\learningdirectx12\learndirectx12\learningdx12\debug\vector_4d.obj
d:\git_project\learningdirectx12\learndirectx12\learningdx12\debug\vector_3id.obj
d:\git_project\learningdirectx12\learndirectx12\learningdx12\debug\vector_3d.obj
d:\git_project\learningdirectx12\learndirectx12\learningdx12\debug\vector_2id.obj
d:\git_project\learningdirectx12\learndirectx12\learningdx12\debug\vector_2d.obj
d:\git_project\learningdirectx12\learndirectx12\learningdx12\debug\rotator.obj
d:\git_project\learningdirectx12\learndirectx12\learningdx12\debug\quat.obj
d:\git_project\learningdirectx12\learndirectx12\learningdx12\debug\triangle.obj
d:\git_project\learningdirectx12\learndirectx12\learningdx12\debug\line.obj
d:\git_project\learningdirectx12\learndirectx12\learningdx12\debug\matrix_4x4.obj
d:\git_project\learningdirectx12\learndirectx12\learningdx12\debug\matrix_3x3.obj
d:\git_project\learningdirectx12\learndirectx12\learningdx12\debug\matrix_2x2.obj
d:\git_project\learningdirectx12\learndirectx12\learningdx12\debug\soft_rasterization.obj
d:\git_project\learningdirectx12\learndirectx12\learningdx12\debug\math_utils.obj
d:\git_project\learningdirectx12\learndirectx12\learningdx12\debug\simple_image.obj
d:\git_project\learningdirectx12\learndirectx12\learningdx12\debug\simple_image_bmp.obj
d:\git_project\learningdirectx12\learndirectx12\learningdx12\debug\tinyxmlparser.obj
d:\git_project\learningdirectx12\learndirectx12\learningdx12\debug\tinyxmlerror.obj
d:\git_project\learningdirectx12\learndirectx12\learningdx12\debug\simple_math.obj
d:\git_project\learningdirectx12\learndirectx12\learningdx12\debug\simple_c_log.obj
d:\git_project\learningdirectx12\learndirectx12\learningdx12\debug\simple_c_windows_setting.obj
d:\git_project\learningdirectx12\learndirectx12\learningdx12\debug\simple_c_windows_register.obj
d:\git_project\learningdirectx12\learndirectx12\learningdx12\debug\simple_c_time.obj
d:\git_project\learningdirectx12\learndirectx12\learningdx12\debug\simple_c_locale_list.obj
d:\git_project\learningdirectx12\learndirectx12\learningdx12\debug\simple_c_path.obj
d:\git_project\learningdirectx12\learndirectx12\learningdx12\debug\simple_file_helper.obj
d:\git_project\learningdirectx12\learndirectx12\learningdx12\debug\simple_guid.obj
d:\git_project\learningdirectx12\learndirectx12\learningdx12\debug\string_algorithm.obj
d:\git_project\learningdirectx12\learndirectx12\learningdx12\debug\simple_c_array_string.obj
d:\git_project\learningdirectx12\learningdx12\debug\learningdx12.lib
d:\git_project\learningdirectx12\learningdx12\debug\learningdx12.exp
d:\git_project\learningdirectx12\learndirectx12\debug\learningdx12.lib
d:\git_project\learningdirectx12\learndirectx12\debug\learningdx12.exp
d:\git_project\learningdirectx12\learningdx12\debug\learningdx12.exe
d:\git_project\learningdirectx12\learningdx12\learningdx12\debug\learningdx12.ilk
d:\git_project\learningdirectx12\learningdx12\debug\learningdx12.pdb
d:\git_project\learningdirectx12\learndirectx12\debug\learningdx12.exe
d:\git_project\learningdirectx12\learndirectx12\learningdx12\debug\learningdx12.ilk
d:\git_project\learningdirectx12\learndirectx12\debug\learningdx12.pdb
d:\git_project\learningdirectx12\learndirectx12\learningdx12\debug\learningdx12.tlog\cl.command.1.tlog
d:\git_project\learningdirectx12\learndirectx12\learningdx12\debug\learningdx12.tlog\cl.read.1.tlog
d:\git_project\learningdirectx12\learndirectx12\learningdx12\debug\learningdx12.tlog\cl.write.1.tlog
d:\git_project\learningdirectx12\learndirectx12\learningdx12\debug\learningdx12.tlog\learningdx12.write.1u.tlog
d:\git_project\learningdirectx12\learndirectx12\learningdx12\debug\learningdx12.tlog\link.command.1.tlog
d:\git_project\learningdirectx12\learndirectx12\learningdx12\debug\learningdx12.tlog\link.read.1.tlog
d:\git_project\learningdirectx12\learndirectx12\learningdx12\debug\learningdx12.tlog\link.write.1.tlog
